<?xml version="1.0" encoding="UTF-8"?>
<testsuite xmlns:xsi="http://www.w3.org/2001/XMLSchema-instance" xsi:noNamespaceSchemaLocation="https://maven.apache.org/surefire/maven-surefire-plugin/xsd/surefire-test-report.xsd" name="com.wxg.demo.common.MyTest" time="0.049" tests="2" errors="0" skipped="0" failures="0">
  <properties>
[...]
</properties>
  <testcase name="test" classname="com.wxg.demo.common.MyTest" time="0.002"/>
  <testcase name="testCaledar" classname="com.wxg.demo.common.MyTest" time="0.009"/>
</testsuite>