<?xml version="1.0" encoding="UTF-8"?>
<testsuite xmlns:xsi="http://www.w3.org/2001/XMLSchema-instance" xsi:noNamespaceSchemaLocation="https://maven.apache.org/surefire/maven-surefire-plugin/xsd/surefire-test-report.xsd" name="com.wxg.demo.web.JenkinsControllerTest" time="3.489" tests="3" errors="2" skipped="0" failures="0">
  <properties>
[...]
</properties>
  <testcase name="test1" classname="com.wxg.demo.web.JenkinsControllerTest" time="0.09">
    <error message="/ by zero" type="java.lang.ArithmeticException">java.lang.ArithmeticException: / by zero
	at com.wxg.demo.web.JenkinsControllerTest.test1(JenkinsControllerTest.java:36)
</error>
    <system-out><![CDATA[10:40:41.182 [main] DEBUG org.springframework.test.context.junit4.SpringJUnit4ClassRunner - SpringJUnit4ClassRunner constructor called with [class com.wxg.demo.web.JenkinsControllerTest]
10:40:41.187 [main] DEBUG org.springframework.test.context.BootstrapUtils - Instantiating CacheAwareContextLoaderDelegate from class [org.springframework.test.context.cache.DefaultCacheAwareContextLoaderDelegate]
10:40:41.195 [main] DEBUG org.springframework.test.context.BootstrapUtils - Instantiating BootstrapContext using constructor [public org.springframework.test.context.support.DefaultBootstrapContext(java.lang.Class,org.springframework.test.context.CacheAwareContextLoaderDelegate)]
10:40:41.215 [main] DEBUG org.springframework.test.context.BootstrapUtils - Instantiating TestContextBootstrapper for test class [com.wxg.demo.web.JenkinsControllerTest] from class [org.springframework.boot.test.context.SpringBootTestContextBootstrapper]
10:40:41.229 [main] INFO org.springframework.boot.test.context.SpringBootTestContextBootstrapper - Neither @ContextConfiguration nor @ContextHierarchy found for test class [com.wxg.demo.web.JenkinsControllerTest], using SpringBootContextLoader
10:40:41.233 [main] DEBUG org.springframework.test.context.support.AbstractContextLoader - Did not detect default resource location for test class [com.wxg.demo.web.JenkinsControllerTest]: class path resource [com/wxg/demo/web/JenkinsControllerTest-context.xml] does not exist
10:40:41.234 [main] DEBUG org.springframework.test.context.support.AbstractContextLoader - Did not detect default resource location for test class [com.wxg.demo.web.JenkinsControllerTest]: class path resource [com/wxg/demo/web/JenkinsControllerTestContext.groovy] does not exist
10:40:41.234 [main] INFO org.springframework.test.context.support.AbstractContextLoader - Could not detect default resource locations for test class [com.wxg.demo.web.JenkinsControllerTest]: no resource found for suffixes {-context.xml, Context.groovy}.
10:40:41.234 [main] INFO org.springframework.test.context.support.AnnotationConfigContextLoaderUtils - Could not detect default configuration classes for test class [com.wxg.demo.web.JenkinsControllerTest]: JenkinsControllerTest does not declare any static, non-private, non-final, nested classes annotated with @Configuration.
10:40:41.276 [main] DEBUG org.springframework.test.context.support.ActiveProfilesUtils - Could not find an 'annotation declaring class' for annotation type [org.springframework.test.context.ActiveProfiles] and class [com.wxg.demo.web.JenkinsControllerTest]
10:40:41.284 [main] DEBUG org.springframework.core.env.StandardEnvironment - Adding PropertySource 'systemProperties' with lowest search precedence
10:40:41.284 [main] DEBUG org.springframework.core.env.StandardEnvironment - Adding PropertySource 'systemEnvironment' with lowest search precedence
10:40:41.284 [main] DEBUG org.springframework.core.env.StandardEnvironment - Initialized StandardEnvironment with PropertySources [MapPropertySource@20291288 {name='systemProperties', properties={java.runtime.name=Java(TM) SE Runtime Environment, sun.boot.library.path=C:\Program Files (x86)\Java\jdk1.8.0_202\jre\bin, java.vm.version=25.202-b08, java.vm.vendor=Oracle Corporation, java.vendor.url=http://java.oracle.com/, path.separator=;, java.vm.name=Java HotSpot(TM) Client VM, file.encoding.pkg=sun.io, user.country=CN, user.script=, sun.java.launcher=SUN_STANDARD, sun.os.patch.level=, java.vm.specification.name=Java Virtual Machine Specification, user.dir=D:\idea_ws\practise\jenkins-demo, java.runtime.version=1.8.0_202-b08, basedir=D:\idea_ws\practise\jenkins-demo, java.awt.graphicsenv=sun.awt.Win32GraphicsEnvironment, java.endorsed.dirs=C:\Program Files (x86)\Java\jdk1.8.0_202\jre\lib\endorsed, os.arch=x86, surefire.real.class.path=C:\Users\lenovo\AppData\Local\Temp\surefire3909146525006875376\surefirebooter8914724518686073707.jar, java.io.tmpdir=C:\Users\lenovo\AppData\Local\Temp\, line.separator=
, java.vm.specification.vendor=Oracle Corporation, user.variant=, os.name=Windows 10, sun.jnu.encoding=GBK, java.library.path=C:\Program Files (x86)\Java\jdk1.8.0_202\jre\bin;C:\Windows\Sun\Java\bin;C:\Windows\system32;C:\Windows;C:\Program Files (x86)\Common Files\Oracle\Java\javapath;C:\Program Files (x86)\NetSarang\Xshell 6\;C:\Program Files (x86)\NetSarang\Xftp 6\;C:\Windows\system32;C:\Windows;C:\Windows\System32\Wbem;C:\Windows\System32\WindowsPowerShell\v1.0\;C:\Windows\System32\OpenSSH\;C:\Program Files (x86)\Java\jdk1.8.0_202\bin\;C:\Program Files (x86)\Java\jdk1.8.0_202\jre\bin\;d:\Program Files\Git\cmd;D:\dev\maven\apache-maven-3.6.1\bin\;C:\Users\lenovo\AppData\Local\Microsoft\WindowsApps;c:\program files\esafenet\cobra docguard client;C:\Users\lenovo\AppData\Local\GitHubDesktop\bin;., surefire.test.class.path=D:\idea_ws\practise\jenkins-demo\target\test-classes;D:\idea_ws\practise\jenkins-demo\target\classes;D:\dev\maven-repository\org\springframework\boot\spring-boot-starter-web\2.0.4.RELEASE\spring-boot-starter-web-2.0.4.RELEASE.jar;D:\dev\maven-repository\org\springframework\boot\spring-boot-starter\2.0.4.RELEASE\spring-boot-starter-2.0.4.RELEASE.jar;D:\dev\maven-repository\org\springframework\boot\spring-boot-starter-logging\2.0.4.RELEASE\spring-boot-starter-logging-2.0.4.RELEASE.jar;D:\dev\maven-repository\ch\qos\logback\logback-classic\1.2.3\logback-classic-1.2.3.jar;D:\dev\maven-repository\ch\qos\logback\logback-core\1.2.3\logback-core-1.2.3.jar;D:\dev\maven-repository\org\apache\logging\log4j\log4j-to-slf4j\2.10.0\log4j-to-slf4j-2.10.0.jar;D:\dev\maven-repository\org\apache\logging\log4j\log4j-api\2.10.0\log4j-api-2.10.0.jar;D:\dev\maven-repository\org\slf4j\jul-to-slf4j\1.7.25\jul-to-slf4j-1.7.25.jar;D:\dev\maven-repository\javax\annotation\javax.annotation-api\1.3.2\javax.annotation-api-1.3.2.jar;D:\dev\maven-repository\org\yaml\snakeyaml\1.19\snakeyaml-1.19.jar;D:\dev\maven-repository\org\springframework\boot\spring-boot-starter-json\2.0.4.RELEASE\spring-boot-starter-json-2.0.4.RELEASE.jar;D:\dev\maven-repository\com\fasterxml\jackson\core\jackson-databind\2.9.6\jackson-databind-2.9.6.jar;D:\dev\maven-repository\com\fasterxml\jackson\core\jackson-core\2.9.6\jackson-core-2.9.6.jar;D:\dev\maven-repository\com\fasterxml\jackson\datatype\jackson-datatype-jdk8\2.9.6\jackson-datatype-jdk8-2.9.6.jar;D:\dev\maven-repository\com\fasterxml\jackson\datatype\jackson-datatype-jsr310\2.9.6\jackson-datatype-jsr310-2.9.6.jar;D:\dev\maven-repository\com\fasterxml\jackson\module\jackson-module-parameter-names\2.9.6\jackson-module-parameter-names-2.9.6.jar;D:\dev\maven-repository\org\springframework\boot\spring-boot-starter-tomcat\2.0.4.RELEASE\spring-boot-starter-tomcat-2.0.4.RELEASE.jar;D:\dev\maven-repository\org\apache\tomcat\embed\tomcat-embed-core\8.5.32\tomcat-embed-core-8.5.32.jar;D:\dev\maven-repository\org\apache\tomcat\embed\tomcat-embed-el\8.5.32\tomcat-embed-el-8.5.32.jar;D:\dev\maven-repository\org\apache\tomcat\embed\tomcat-embed-websocket\8.5.32\tomcat-embed-websocket-8.5.32.jar;D:\dev\maven-repository\org\hibernate\validator\hibernate-validator\6.0.11.Final\hibernate-validator-6.0.11.Final.jar;D:\dev\maven-repository\javax\validation\validation-api\2.0.1.Final\validation-api-2.0.1.Final.jar;D:\dev\maven-repository\org\jboss\logging\jboss-logging\3.3.2.Final\jboss-logging-3.3.2.Final.jar;D:\dev\maven-repository\org\springframework\spring-web\5.0.8.RELEASE\spring-web-5.0.8.RELEASE.jar;D:\dev\maven-repository\org\springframework\spring-beans\5.0.8.RELEASE\spring-beans-5.0.8.RELEASE.jar;D:\dev\maven-repository\org\springframework\spring-webmvc\5.0.8.RELEASE\spring-webmvc-5.0.8.RELEASE.jar;D:\dev\maven-repository\org\springframework\spring-aop\5.0.8.RELEASE\spring-aop-5.0.8.RELEASE.jar;D:\dev\maven-repository\org\springframework\spring-context\5.0.8.RELEASE\spring-context-5.0.8.RELEASE.jar;D:\dev\maven-repository\org\springframework\spring-expression\5.0.8.RELEASE\spring-expression-5.0.8.RELEASE.jar;D:\dev\maven-repository\org\springframework\boot\spring-boot-starter-test\2.0.4.RELEASE\spring-boot-starter-test-2.0.4.RELEASE.jar;D:\dev\maven-repository\org\springframework\boot\spring-boot-test\2.0.4.RELEASE\spring-boot-test-2.0.4.RELEASE.jar;D:\dev\maven-repository\org\springframework\boot\spring-boot-test-autoconfigure\2.0.4.RELEASE\spring-boot-test-autoconfigure-2.0.4.RELEASE.jar;D:\dev\maven-repository\com\jayway\jsonpath\json-path\2.4.0\json-path-2.4.0.jar;D:\dev\maven-repository\net\minidev\json-smart\2.3\json-smart-2.3.jar;D:\dev\maven-repository\net\minidev\accessors-smart\1.2\accessors-smart-1.2.jar;D:\dev\maven-repository\org\ow2\asm\asm\5.0.4\asm-5.0.4.jar;D:\dev\maven-repository\junit\junit\4.12\junit-4.12.jar;D:\dev\maven-repository\org\assertj\assertj-core\3.9.1\assertj-core-3.9.1.jar;D:\dev\maven-repository\org\mockito\mockito-core\2.15.0\mockito-core-2.15.0.jar;D:\dev\maven-repository\net\bytebuddy\byte-buddy\1.7.11\byte-buddy-1.7.11.jar;D:\dev\maven-repository\net\bytebuddy\byte-buddy-agent\1.7.11\byte-buddy-agent-1.7.11.jar;D:\dev\maven-repository\org\objenesis\objenesis\2.6\objenesis-2.6.jar;D:\dev\maven-repository\org\hamcrest\hamcrest-core\1.3\hamcrest-core-1.3.jar;D:\dev\maven-repository\org\hamcrest\hamcrest-library\1.3\hamcrest-library-1.3.jar;D:\dev\maven-repository\org\skyscreamer\jsonassert\1.5.0\jsonassert-1.5.0.jar;D:\dev\maven-repository\com\vaadin\external\google\android-json\0.0.20131108.vaadin1\android-json-0.0.20131108.vaadin1.jar;D:\dev\maven-repository\org\springframework\spring-core\5.0.8.RELEASE\spring-core-5.0.8.RELEASE.jar;D:\dev\maven-repository\org\springframework\spring-jcl\5.0.8.RELEASE\spring-jcl-5.0.8.RELEASE.jar;D:\dev\maven-repository\org\springframework\spring-test\5.0.8.RELEASE\spring-test-5.0.8.RELEASE.jar;D:\dev\maven-repository\org\xmlunit\xmlunit-core\2.5.1\xmlunit-core-2.5.1.jar;D:\dev\maven-repository\org\springframework\boot\spring-boot-devtools\2.0.4.RELEASE\spring-boot-devtools-2.0.4.RELEASE.jar;D:\dev\maven-repository\org\springframework\boot\spring-boot\2.0.4.RELEASE\spring-boot-2.0.4.RELEASE.jar;D:\dev\maven-repository\org\springframework\boot\spring-boot-autoconfigure\2.0.4.RELEASE\spring-boot-autoconfigure-2.0.4.RELEASE.jar;D:\dev\maven-repository\javax\activation\activation\1.1\activation-1.1.jar;D:\dev\maven-repository\javax\mail\mail\1.4.7\mail-1.4.7.jar;D:\dev\maven-repository\io\springfox\springfox-swagger2\2.6.0\springfox-swagger2-2.6.0.jar;D:\dev\maven-repository\io\swagger\swagger-annotations\1.5.10\swagger-annotations-1.5.10.jar;D:\dev\maven-repository\io\swagger\swagger-models\1.5.10\swagger-models-1.5.10.jar;D:\dev\maven-repository\com\fasterxml\jackson\core\jackson-annotations\2.9.0\jackson-annotations-2.9.0.jar;D:\dev\maven-repository\io\springfox\springfox-spi\2.6.0\springfox-spi-2.6.0.jar;D:\dev\maven-repository\io\springfox\springfox-core\2.6.0\springfox-core-2.6.0.jar;D:\dev\maven-repository\io\springfox\springfox-schema\2.6.0\springfox-schema-2.6.0.jar;D:\dev\maven-repository\io\springfox\springfox-swagger-common\2.6.0\springfox-swagger-common-2.6.0.jar;D:\dev\maven-repository\io\springfox\springfox-spring-web\2.6.0\springfox-spring-web-2.6.0.jar;D:\dev\maven-repository\com\google\guava\guava\18.0\guava-18.0.jar;D:\dev\maven-repository\com\fasterxml\classmate\1.3.4\classmate-1.3.4.jar;D:\dev\maven-repository\org\slf4j\slf4j-api\1.7.25\slf4j-api-1.7.25.jar;D:\dev\maven-repository\org\springframework\plugin\spring-plugin-core\1.2.0.RELEASE\spring-plugin-core-1.2.0.RELEASE.jar;D:\dev\maven-repository\org\springframework\plugin\spring-plugin-metadata\1.2.0.RELEASE\spring-plugin-metadata-1.2.0.RELEASE.jar;D:\dev\maven-repository\org\mapstruct\mapstruct\1.0.0.Final\mapstruct-1.0.0.Final.jar;D:\dev\maven-repository\io\springfox\springfox-swagger-ui\2.6.0\springfox-swagger-ui-2.6.0.jar;, java.specification.name=Java Platform API Specification, java.class.version=52.0, sun.management.compiler=HotSpot Client Compiler, maven.repo.local=D:\dev\maven-repository, os.version=10.0, user.home=C:\Users\lenovo, user.timezone=Asia/Shanghai, java.awt.printerjob=sun.awt.windows.WPrinterJob, file.encoding=GBK, java.specification.version=1.8, java.class.path=D:\idea_ws\practise\jenkins-demo\target\test-classes;D:\idea_ws\practise\jenkins-demo\target\classes;D:\dev\maven-repository\org\springframework\boot\spring-boot-starter-web\2.0.4.RELEASE\spring-boot-starter-web-2.0.4.RELEASE.jar;D:\dev\maven-repository\org\springframework\boot\spring-boot-starter\2.0.4.RELEASE\spring-boot-starter-2.0.4.RELEASE.jar;D:\dev\maven-repository\org\springframework\boot\spring-boot-starter-logging\2.0.4.RELEASE\spring-boot-starter-logging-2.0.4.RELEASE.jar;D:\dev\maven-repository\ch\qos\logback\logback-classic\1.2.3\logback-classic-1.2.3.jar;D:\dev\maven-repository\ch\qos\logback\logback-core\1.2.3\logback-core-1.2.3.jar;D:\dev\maven-repository\org\apache\logging\log4j\log4j-to-slf4j\2.10.0\log4j-to-slf4j-2.10.0.jar;D:\dev\maven-repository\org\apache\logging\log4j\log4j-api\2.10.0\log4j-api-2.10.0.jar;D:\dev\maven-repository\org\slf4j\jul-to-slf4j\1.7.25\jul-to-slf4j-1.7.25.jar;D:\dev\maven-repository\javax\annotation\javax.annotation-api\1.3.2\javax.annotation-api-1.3.2.jar;D:\dev\maven-repository\org\yaml\snakeyaml\1.19\snakeyaml-1.19.jar;D:\dev\maven-repository\org\springframework\boot\spring-boot-starter-json\2.0.4.RELEASE\spring-boot-starter-json-2.0.4.RELEASE.jar;D:\dev\maven-repository\com\fasterxml\jackson\core\jackson-databind\2.9.6\jackson-databind-2.9.6.jar;D:\dev\maven-repository\com\fasterxml\jackson\core\jackson-core\2.9.6\jackson-core-2.9.6.jar;D:\dev\maven-repository\com\fasterxml\jackson\datatype\jackson-datatype-jdk8\2.9.6\jackson-datatype-jdk8-2.9.6.jar;D:\dev\maven-repository\com\fasterxml\jackson\datatype\jackson-datatype-jsr310\2.9.6\jackson-datatype-jsr310-2.9.6.jar;D:\dev\maven-repository\com\fasterxml\jackson\module\jackson-module-parameter-names\2.9.6\jackson-module-parameter-names-2.9.6.jar;D:\dev\maven-repository\org\springframework\boot\spring-boot-starter-tomcat\2.0.4.RELEASE\spring-boot-starter-tomcat-2.0.4.RELEASE.jar;D:\dev\maven-repository\org\apache\tomcat\embed\tomcat-embed-core\8.5.32\tomcat-embed-core-8.5.32.jar;D:\dev\maven-repository\org\apache\tomcat\embed\tomcat-embed-el\8.5.32\tomcat-embed-el-8.5.32.jar;D:\dev\maven-repository\org\apache\tomcat\embed\tomcat-embed-websocket\8.5.32\tomcat-embed-websocket-8.5.32.jar;D:\dev\maven-repository\org\hibernate\validator\hibernate-validator\6.0.11.Final\hibernate-validator-6.0.11.Final.jar;D:\dev\maven-repository\javax\validation\validation-api\2.0.1.Final\validation-api-2.0.1.Final.jar;D:\dev\maven-repository\org\jboss\logging\jboss-logging\3.3.2.Final\jboss-logging-3.3.2.Final.jar;D:\dev\maven-repository\org\springframework\spring-web\5.0.8.RELEASE\spring-web-5.0.8.RELEASE.jar;D:\dev\maven-repository\org\springframework\spring-beans\5.0.8.RELEASE\spring-beans-5.0.8.RELEASE.jar;D:\dev\maven-repository\org\springframework\spring-webmvc\5.0.8.RELEASE\spring-webmvc-5.0.8.RELEASE.jar;D:\dev\maven-repository\org\springframework\spring-aop\5.0.8.RELEASE\spring-aop-5.0.8.RELEASE.jar;D:\dev\maven-repository\org\springframework\spring-context\5.0.8.RELEASE\spring-context-5.0.8.RELEASE.jar;D:\dev\maven-repository\org\springframework\spring-expression\5.0.8.RELEASE\spring-expression-5.0.8.RELEASE.jar;D:\dev\maven-repository\org\springframework\boot\spring-boot-starter-test\2.0.4.RELEASE\spring-boot-starter-test-2.0.4.RELEASE.jar;D:\dev\maven-repository\org\springframework\boot\spring-boot-test\2.0.4.RELEASE\spring-boot-test-2.0.4.RELEASE.jar;D:\dev\maven-repository\org\springframework\boot\spring-boot-test-autoconfigure\2.0.4.RELEASE\spring-boot-test-autoconfigure-2.0.4.RELEASE.jar;D:\dev\maven-repository\com\jayway\jsonpath\json-path\2.4.0\json-path-2.4.0.jar;D:\dev\maven-repository\net\minidev\json-smart\2.3\json-smart-2.3.jar;D:\dev\maven-repository\net\minidev\accessors-smart\1.2\accessors-smart-1.2.jar;D:\dev\maven-repository\org\ow2\asm\asm\5.0.4\asm-5.0.4.jar;D:\dev\maven-repository\junit\junit\4.12\junit-4.12.jar;D:\dev\maven-repository\org\assertj\assertj-core\3.9.1\assertj-core-3.9.1.jar;D:\dev\maven-repository\org\mockito\mockito-core\2.15.0\mockito-core-2.15.0.jar;D:\dev\maven-repository\net\bytebuddy\byte-buddy\1.7.11\byte-buddy-1.7.11.jar;D:\dev\maven-repository\net\bytebuddy\byte-buddy-agent\1.7.11\byte-buddy-agent-1.7.11.jar;D:\dev\maven-repository\org\objenesis\objenesis\2.6\objenesis-2.6.jar;D:\dev\maven-repository\org\hamcrest\hamcrest-core\1.3\hamcrest-core-1.3.jar;D:\dev\maven-repository\org\hamcrest\hamcrest-library\1.3\hamcrest-library-1.3.jar;D:\dev\maven-repository\org\skyscreamer\jsonassert\1.5.0\jsonassert-1.5.0.jar;D:\dev\maven-repository\com\vaadin\external\google\android-json\0.0.20131108.vaadin1\android-json-0.0.20131108.vaadin1.jar;D:\dev\maven-repository\org\springframework\spring-core\5.0.8.RELEASE\spring-core-5.0.8.RELEASE.jar;D:\dev\maven-repository\org\springframework\spring-jcl\5.0.8.RELEASE\spring-jcl-5.0.8.RELEASE.jar;D:\dev\maven-repository\org\springframework\spring-test\5.0.8.RELEASE\spring-test-5.0.8.RELEASE.jar;D:\dev\maven-repository\org\xmlunit\xmlunit-core\2.5.1\xmlunit-core-2.5.1.jar;D:\dev\maven-repository\org\springframework\boot\spring-boot-devtools\2.0.4.RELEASE\spring-boot-devtools-2.0.4.RELEASE.jar;D:\dev\maven-repository\org\springframework\boot\spring-boot\2.0.4.RELEASE\spring-boot-2.0.4.RELEASE.jar;D:\dev\maven-repository\org\springframework\boot\spring-boot-autoconfigure\2.0.4.RELEASE\spring-boot-autoconfigure-2.0.4.RELEASE.jar;D:\dev\maven-repository\javax\activation\activation\1.1\activation-1.1.jar;D:\dev\maven-repository\javax\mail\mail\1.4.7\mail-1.4.7.jar;D:\dev\maven-repository\io\springfox\springfox-swagger2\2.6.0\springfox-swagger2-2.6.0.jar;D:\dev\maven-repository\io\swagger\swagger-annotations\1.5.10\swagger-annotations-1.5.10.jar;D:\dev\maven-repository\io\swagger\swagger-models\1.5.10\swagger-models-1.5.10.jar;D:\dev\maven-repository\com\fasterxml\jackson\core\jackson-annotations\2.9.0\jackson-annotations-2.9.0.jar;D:\dev\maven-repository\io\springfox\springfox-spi\2.6.0\springfox-spi-2.6.0.jar;D:\dev\maven-repository\io\springfox\springfox-core\2.6.0\springfox-core-2.6.0.jar;D:\dev\maven-repository\io\springfox\springfox-schema\2.6.0\springfox-schema-2.6.0.jar;D:\dev\maven-repository\io\springfox\springfox-swagger-common\2.6.0\springfox-swagger-common-2.6.0.jar;D:\dev\maven-repository\io\springfox\springfox-spring-web\2.6.0\springfox-spring-web-2.6.0.jar;D:\dev\maven-repository\com\google\guava\guava\18.0\guava-18.0.jar;D:\dev\maven-repository\com\fasterxml\classmate\1.3.4\classmate-1.3.4.jar;D:\dev\maven-repository\org\slf4j\slf4j-api\1.7.25\slf4j-api-1.7.25.jar;D:\dev\maven-repository\org\springframework\plugin\spring-plugin-core\1.2.0.RELEASE\spring-plugin-core-1.2.0.RELEASE.jar;D:\dev\maven-repository\org\springframework\plugin\spring-plugin-metadata\1.2.0.RELEASE\spring-plugin-metadata-1.2.0.RELEASE.jar;D:\dev\maven-repository\org\mapstruct\mapstruct\1.0.0.Final\mapstruct-1.0.0.Final.jar;D:\dev\maven-repository\io\springfox\springfox-swagger-ui\2.6.0\springfox-swagger-ui-2.6.0.jar;, user.name=lenovo, java.vm.specification.version=1.8, sun.java.command=C:\Users\lenovo\AppData\Local\Temp\surefire3909146525006875376\surefirebooter8914724518686073707.jar C:\Users\lenovo\AppData\Local\Temp\surefire3909146525006875376 2019-08-20T10-40-40_113-jvmRun1 surefire6719209278775531317tmp surefire_08462129340029503665tmp, java.home=C:\Program Files (x86)\Java\jdk1.8.0_202\jre, sun.arch.data.model=32, user.language=zh, java.specification.vendor=Oracle Corporation, idea.version2019.1.3=true, awt.toolkit=sun.awt.windows.WToolkit, java.vm.info=mixed mode, java.version=1.8.0_202, java.ext.dirs=C:\Program Files (x86)\Java\jdk1.8.0_202\jre\lib\ext;C:\Windows\Sun\Java\lib\ext, sun.boot.class.path=C:\Program Files (x86)\Java\jdk1.8.0_202\jre\lib\resources.jar;C:\Program Files (x86)\Java\jdk1.8.0_202\jre\lib\rt.jar;C:\Program Files (x86)\Java\jdk1.8.0_202\jre\lib\sunrsasign.jar;C:\Program Files (x86)\Java\jdk1.8.0_202\jre\lib\jsse.jar;C:\Program Files (x86)\Java\jdk1.8.0_202\jre\lib\jce.jar;C:\Program Files (x86)\Java\jdk1.8.0_202\jre\lib\charsets.jar;C:\Program Files (x86)\Java\jdk1.8.0_202\jre\lib\jfr.jar;C:\Program Files (x86)\Java\jdk1.8.0_202\jre\classes, java.vendor=Oracle Corporation, localRepository=D:\dev\maven-repository, file.separator=\, java.vendor.url.bug=http://bugreport.sun.com/bugreport/, sun.io.unicode.encoding=UnicodeLittle, sun.cpu.endian=little, sun.desktop=windows, sun.cpu.isalist=pentium_pro+mmx pentium_pro pentium+mmx pentium i486 i386 i86}}, SystemEnvironmentPropertySource@27871230 {name='systemEnvironment', properties={PATH=C:\Program Files (x86)\Common Files\Oracle\Java\javapath;C:\Program Files (x86)\NetSarang\Xshell 6\;C:\Program Files (x86)\NetSarang\Xftp 6\;C:\Windows\system32;C:\Windows;C:\Windows\System32\Wbem;C:\Windows\System32\WindowsPowerShell\v1.0\;C:\Windows\System32\OpenSSH\;C:\Program Files (x86)\Java\jdk1.8.0_202\bin\;C:\Program Files (x86)\Java\jdk1.8.0_202\jre\bin\;d:\Program Files\Git\cmd;D:\dev\maven\apache-maven-3.6.1\bin\;C:\Users\lenovo\AppData\Local\Microsoft\WindowsApps;c:\program files\esafenet\cobra docguard client;C:\Users\lenovo\AppData\Local\GitHubDesktop\bin, USERDOMAIN_ROAMINGPROFILE=DESKTOP-OBHO9O4, LOCALAPPDATA=C:\Users\lenovo\AppData\Local, PROCESSOR_LEVEL=6, SYSTEMDRIVE=C:, COMMONPROGRAMFILES(X86)=C:\Program Files (x86)\Common Files, USERDOMAIN=DESKTOP-OBHO9O4, LOGONSERVER=\\DESKTOP-OBHO9O4, JAVA_HOME=C:\Program Files (x86)\Java\jdk1.8.0_202, PROMPT=$P$G, SESSIONNAME=Console, ALLUSERSPROFILE=C:\ProgramData, PROGRAMFILES(X86)=C:\Program Files (x86), PROCESSOR_ARCHITECTURE=x86, DRIVERDATA=C:\Windows\System32\Drivers\DriverData, MAVEN_HOME=D:\dev\maven\apache-maven-3.6.1, PROGRAMFILES=C:\Program Files (x86), APPDATA=C:\Users\lenovo\AppData\Roaming, PSMODULEPATH=C:\Program Files\WindowsPowerShell\Modules;C:\Windows\system32\WindowsPowerShell\v1.0\Modules, PROGRAMW6432=C:\Program Files, PROGRAMDATA=C:\ProgramData, SYSTEMROOT=C:\Windows, USERNAME=lenovo, ONEDRIVE=C:\Users\lenovo\OneDrive, PATHEXT=.COM;.EXE;.BAT;.CMD;.VBS;.VBE;.JS;.JSE;.WSF;.WSH;.MSC, OS=Windows_NT, PROCESSOR_ARCHITEW6432=AMD64, COMMONPROGRAMW6432=C:\Program Files\Common Files, COMPUTERNAME=DESKTOP-OBHO9O4, COMMONPROGRAMFILES=C:\Program Files (x86)\Common Files, COMSPEC=C:\Windows\system32\cmd.exe, PROCESSOR_REVISION=3c03, CLASSPATH= .;C:\Program Files (x86)\Java\jdk1.8.0_202\lib;C:\Program Files (x86)\Java\jdk1.8.0_202\lib\tools.jar, WINDIR=C:\Windows, =D:=D:\idea_ws\practise\jenkins-demo, HOMEPATH=\Users\lenovo, TEMP=C:\Users\lenovo\AppData\Local\Temp, HOMEDRIVE=C:, PROCESSOR_IDENTIFIER=Intel64 Family 6 Model 60 Stepping 3, GenuineIntel, USERPROFILE=C:\Users\lenovo, TMP=C:\Users\lenovo\AppData\Local\Temp, PUBLIC=C:\Users\Public, NUMBER_OF_PROCESSORS=8, =::=::\}}]
10:40:41.296 [main] DEBUG org.springframework.core.io.support.PathMatchingResourcePatternResolver - Resolved classpath location [com/wxg/demo/web/] to resources [URL [file:/D:/idea_ws/practise/jenkins-demo/target/test-classes/com/wxg/demo/web/], URL [file:/D:/idea_ws/practise/jenkins-demo/target/classes/com/wxg/demo/web/]]
10:40:41.296 [main] DEBUG org.springframework.core.io.support.PathMatchingResourcePatternResolver - Looking for matching resources in directory tree [D:\idea_ws\practise\jenkins-demo\target\test-classes\com\wxg\demo\web]
10:40:41.296 [main] DEBUG org.springframework.core.io.support.PathMatchingResourcePatternResolver - Searching directory [D:\idea_ws\practise\jenkins-demo\target\test-classes\com\wxg\demo\web] for files matching pattern [D:/idea_ws/practise/jenkins-demo/target/test-classes/com/wxg/demo/web/*.class]
10:40:41.299 [main] DEBUG org.springframework.core.io.support.PathMatchingResourcePatternResolver - Looking for matching resources in directory tree [D:\idea_ws\practise\jenkins-demo\target\classes\com\wxg\demo\web]
10:40:41.300 [main] DEBUG org.springframework.core.io.support.PathMatchingResourcePatternResolver - Searching directory [D:\idea_ws\practise\jenkins-demo\target\classes\com\wxg\demo\web] for files matching pattern [D:/idea_ws/practise/jenkins-demo/target/classes/com/wxg/demo/web/*.class]
10:40:41.300 [main] DEBUG org.springframework.core.io.support.PathMatchingResourcePatternResolver - Resolved location pattern [classpath*:com/wxg/demo/web/*.class] to resources [file [D:\idea_ws\practise\jenkins-demo\target\test-classes\com\wxg\demo\web\JenkinsControllerTest.class], file [D:\idea_ws\practise\jenkins-demo\target\classes\com\wxg\demo\web\JenkinsController.class]]
10:40:41.362 [main] DEBUG org.springframework.core.io.support.PathMatchingResourcePatternResolver - Resolved classpath location [com/wxg/demo/] to resources [URL [file:/D:/idea_ws/practise/jenkins-demo/target/test-classes/com/wxg/demo/], URL [file:/D:/idea_ws/practise/jenkins-demo/target/classes/com/wxg/demo/]]
10:40:41.362 [main] DEBUG org.springframework.core.io.support.PathMatchingResourcePatternResolver - Looking for matching resources in directory tree [D:\idea_ws\practise\jenkins-demo\target\test-classes\com\wxg\demo]
10:40:41.362 [main] DEBUG org.springframework.core.io.support.PathMatchingResourcePatternResolver - Searching directory [D:\idea_ws\practise\jenkins-demo\target\test-classes\com\wxg\demo] for files matching pattern [D:/idea_ws/practise/jenkins-demo/target/test-classes/com/wxg/demo/*.class]
10:40:41.363 [main] DEBUG org.springframework.core.io.support.PathMatchingResourcePatternResolver - Looking for matching resources in directory tree [D:\idea_ws\practise\jenkins-demo\target\classes\com\wxg\demo]
10:40:41.364 [main] DEBUG org.springframework.core.io.support.PathMatchingResourcePatternResolver - Searching directory [D:\idea_ws\practise\jenkins-demo\target\classes\com\wxg\demo] for files matching pattern [D:/idea_ws/practise/jenkins-demo/target/classes/com/wxg/demo/*.class]
10:40:41.365 [main] DEBUG org.springframework.core.io.support.PathMatchingResourcePatternResolver - Resolved location pattern [classpath*:com/wxg/demo/*.class] to resources [file [D:\idea_ws\practise\jenkins-demo\target\classes\com\wxg\demo\JenkinsApplication.class]]
10:40:41.387 [main] DEBUG org.springframework.context.annotation.ClassPathScanningCandidateComponentProvider - Identified candidate component class: file [D:\idea_ws\practise\jenkins-demo\target\classes\com\wxg\demo\JenkinsApplication.class]
10:40:41.389 [main] INFO org.springframework.boot.test.context.SpringBootTestContextBootstrapper - Found @SpringBootConfiguration com.wxg.demo.JenkinsApplication for test class com.wxg.demo.web.JenkinsControllerTest
10:40:41.515 [main] DEBUG org.springframework.boot.test.context.SpringBootTestContextBootstrapper - @TestExecutionListeners is not present for class [com.wxg.demo.web.JenkinsControllerTest]: using defaults.
10:40:41.515 [main] INFO org.springframework.boot.test.context.SpringBootTestContextBootstrapper - Loaded default TestExecutionListener class names from location [META-INF/spring.factories]: [org.springframework.boot.test.mock.mockito.MockitoTestExecutionListener, org.springframework.boot.test.mock.mockito.ResetMocksTestExecutionListener, org.springframework.boot.test.autoconfigure.restdocs.RestDocsTestExecutionListener, org.springframework.boot.test.autoconfigure.web.client.MockRestServiceServerResetTestExecutionListener, org.springframework.boot.test.autoconfigure.web.servlet.MockMvcPrintOnlyOnFailureTestExecutionListener, org.springframework.boot.test.autoconfigure.web.servlet.WebDriverTestExecutionListener, org.springframework.test.context.web.ServletTestExecutionListener, org.springframework.test.context.support.DirtiesContextBeforeModesTestExecutionListener, org.springframework.test.context.support.DependencyInjectionTestExecutionListener, org.springframework.test.context.support.DirtiesContextTestExecutionListener, org.springframework.test.context.transaction.TransactionalTestExecutionListener, org.springframework.test.context.jdbc.SqlScriptsTestExecutionListener]
10:40:41.528 [main] DEBUG org.springframework.boot.test.context.SpringBootTestContextBootstrapper - Skipping candidate TestExecutionListener [org.springframework.test.context.transaction.TransactionalTestExecutionListener] due to a missing dependency. Specify custom listener classes or make the default listener classes and their required dependencies available. Offending class: [org/springframework/transaction/interceptor/TransactionAttributeSource]
10:40:41.528 [main] DEBUG org.springframework.boot.test.context.SpringBootTestContextBootstrapper - Skipping candidate TestExecutionListener [org.springframework.test.context.jdbc.SqlScriptsTestExecutionListener] due to a missing dependency. Specify custom listener classes or make the default listener classes and their required dependencies available. Offending class: [org/springframework/transaction/interceptor/TransactionAttribute]
10:40:41.528 [main] INFO org.springframework.boot.test.context.SpringBootTestContextBootstrapper - Using TestExecutionListeners: [org.springframework.test.context.web.ServletTestExecutionListener@794848, org.springframework.test.context.support.DirtiesContextBeforeModesTestExecutionListener@2552ec, org.springframework.boot.test.mock.mockito.MockitoTestExecutionListener@1285d7e, org.springframework.boot.test.autoconfigure.SpringBootDependencyInjectionTestExecutionListener@5471, org.springframework.test.context.support.DirtiesContextTestExecutionListener@d76f31, org.springframework.boot.test.mock.mockito.ResetMocksTestExecutionListener@7ffa75, org.springframework.boot.test.autoconfigure.restdocs.RestDocsTestExecutionListener@1438269, org.springframework.boot.test.autoconfigure.web.client.MockRestServiceServerResetTestExecutionListener@1a2f4ec, org.springframework.boot.test.autoconfigure.web.servlet.MockMvcPrintOnlyOnFailureTestExecutionListener@1bbc4e, org.springframework.boot.test.autoconfigure.web.servlet.WebDriverTestExecutionListener@1fe41ea]
10:40:41.531 [main] DEBUG org.springframework.test.annotation.ProfileValueUtils - Retrieved @ProfileValueSourceConfiguration [null] for test class [com.wxg.demo.web.JenkinsControllerTest]
10:40:41.531 [main] DEBUG org.springframework.test.annotation.ProfileValueUtils - Retrieved ProfileValueSource type [class org.springframework.test.annotation.SystemProfileValueSource] for class [com.wxg.demo.web.JenkinsControllerTest]
10:40:41.532 [main] DEBUG org.springframework.test.annotation.ProfileValueUtils - Retrieved @ProfileValueSourceConfiguration [null] for test class [com.wxg.demo.web.JenkinsControllerTest]
10:40:41.532 [main] DEBUG org.springframework.test.annotation.ProfileValueUtils - Retrieved ProfileValueSource type [class org.springframework.test.annotation.SystemProfileValueSource] for class [com.wxg.demo.web.JenkinsControllerTest]
10:40:41.532 [main] DEBUG org.springframework.test.annotation.ProfileValueUtils - Retrieved @ProfileValueSourceConfiguration [null] for test class [com.wxg.demo.web.JenkinsControllerTest]
10:40:41.532 [main] DEBUG org.springframework.test.annotation.ProfileValueUtils - Retrieved ProfileValueSource type [class org.springframework.test.annotation.SystemProfileValueSource] for class [com.wxg.demo.web.JenkinsControllerTest]
10:40:41.537 [main] DEBUG org.springframework.test.context.support.AbstractDirtiesContextTestExecutionListener - Before test class: context [DefaultTestContext@4fa968 testClass = JenkinsControllerTest, testInstance = [null], testMethod = [null], testException = [null], mergedContextConfiguration = [WebMergedContextConfiguration@7bddad testClass = JenkinsControllerTest, locations = '{}', classes = '{class com.wxg.demo.JenkinsApplication}', contextInitializerClasses = '[]', activeProfiles = '{}', propertySourceLocations = '{}', propertySourceProperties = '{org.springframework.boot.test.context.SpringBootTestContextBootstrapper=true}', contextCustomizers = set[org.springframework.boot.test.context.filter.ExcludeFilterContextCustomizer@1a51a35, org.springframework.boot.test.json.DuplicateJsonObjectContextCustomizerFactory$DuplicateJsonObjectContextCustomizer@a3ec6b, org.springframework.boot.test.mock.mockito.MockitoContextCustomizer@0, org.springframework.boot.test.web.client.TestRestTemplateContextCustomizer@a242ce, org.springframework.boot.test.autoconfigure.properties.PropertyMappingContextCustomizer@0, org.springframework.boot.test.autoconfigure.web.servlet.WebDriverContextCustomizerFactory$Customizer@1d94634], resourceBasePath = 'src/main/webapp', contextLoader = 'org.springframework.boot.test.context.SpringBootContextLoader', parent = [null]], attributes = map['org.springframework.test.context.web.ServletTestExecutionListener.activateListener' -> true]], class annotated with @DirtiesContext [false] with mode [null].
10:40:41.537 [main] DEBUG org.springframework.test.annotation.ProfileValueUtils - Retrieved @ProfileValueSourceConfiguration [null] for test class [com.wxg.demo.web.JenkinsControllerTest]
10:40:41.537 [main] DEBUG org.springframework.test.annotation.ProfileValueUtils - Retrieved ProfileValueSource type [class org.springframework.test.annotation.SystemProfileValueSource] for class [com.wxg.demo.web.JenkinsControllerTest]
10:40:41.561 [main] DEBUG org.springframework.core.env.StandardEnvironment - Adding PropertySource 'systemProperties' with lowest search precedence
10:40:41.561 [main] DEBUG org.springframework.core.env.StandardEnvironment - Adding PropertySource 'systemEnvironment' with lowest search precedence
10:40:41.562 [main] DEBUG org.springframework.core.env.StandardEnvironment - Initialized StandardEnvironment with PropertySources [MapPropertySource@779065 {name='systemProperties', properties={java.runtime.name=Java(TM) SE Runtime Environment, sun.boot.library.path=C:\Program Files (x86)\Java\jdk1.8.0_202\jre\bin, java.vm.version=25.202-b08, java.vm.vendor=Oracle Corporation, java.vendor.url=http://java.oracle.com/, path.separator=;, java.vm.name=Java HotSpot(TM) Client VM, file.encoding.pkg=sun.io, user.country=CN, user.script=, sun.java.launcher=SUN_STANDARD, sun.os.patch.level=, java.vm.specification.name=Java Virtual Machine Specification, user.dir=D:\idea_ws\practise\jenkins-demo, java.runtime.version=1.8.0_202-b08, basedir=D:\idea_ws\practise\jenkins-demo, java.awt.graphicsenv=sun.awt.Win32GraphicsEnvironment, java.endorsed.dirs=C:\Program Files (x86)\Java\jdk1.8.0_202\jre\lib\endorsed, os.arch=x86, surefire.real.class.path=C:\Users\lenovo\AppData\Local\Temp\surefire3909146525006875376\surefirebooter8914724518686073707.jar, java.io.tmpdir=C:\Users\lenovo\AppData\Local\Temp\, line.separator=
, java.vm.specification.vendor=Oracle Corporation, user.variant=, os.name=Windows 10, sun.jnu.encoding=GBK, java.library.path=C:\Program Files (x86)\Java\jdk1.8.0_202\jre\bin;C:\Windows\Sun\Java\bin;C:\Windows\system32;C:\Windows;C:\Program Files (x86)\Common Files\Oracle\Java\javapath;C:\Program Files (x86)\NetSarang\Xshell 6\;C:\Program Files (x86)\NetSarang\Xftp 6\;C:\Windows\system32;C:\Windows;C:\Windows\System32\Wbem;C:\Windows\System32\WindowsPowerShell\v1.0\;C:\Windows\System32\OpenSSH\;C:\Program Files (x86)\Java\jdk1.8.0_202\bin\;C:\Program Files (x86)\Java\jdk1.8.0_202\jre\bin\;d:\Program Files\Git\cmd;D:\dev\maven\apache-maven-3.6.1\bin\;C:\Users\lenovo\AppData\Local\Microsoft\WindowsApps;c:\program files\esafenet\cobra docguard client;C:\Users\lenovo\AppData\Local\GitHubDesktop\bin;., surefire.test.class.path=D:\idea_ws\practise\jenkins-demo\target\test-classes;D:\idea_ws\practise\jenkins-demo\target\classes;D:\dev\maven-repository\org\springframework\boot\spring-boot-starter-web\2.0.4.RELEASE\spring-boot-starter-web-2.0.4.RELEASE.jar;D:\dev\maven-repository\org\springframework\boot\spring-boot-starter\2.0.4.RELEASE\spring-boot-starter-2.0.4.RELEASE.jar;D:\dev\maven-repository\org\springframework\boot\spring-boot-starter-logging\2.0.4.RELEASE\spring-boot-starter-logging-2.0.4.RELEASE.jar;D:\dev\maven-repository\ch\qos\logback\logback-classic\1.2.3\logback-classic-1.2.3.jar;D:\dev\maven-repository\ch\qos\logback\logback-core\1.2.3\logback-core-1.2.3.jar;D:\dev\maven-repository\org\apache\logging\log4j\log4j-to-slf4j\2.10.0\log4j-to-slf4j-2.10.0.jar;D:\dev\maven-repository\org\apache\logging\log4j\log4j-api\2.10.0\log4j-api-2.10.0.jar;D:\dev\maven-repository\org\slf4j\jul-to-slf4j\1.7.25\jul-to-slf4j-1.7.25.jar;D:\dev\maven-repository\javax\annotation\javax.annotation-api\1.3.2\javax.annotation-api-1.3.2.jar;D:\dev\maven-repository\org\yaml\snakeyaml\1.19\snakeyaml-1.19.jar;D:\dev\maven-repository\org\springframework\boot\spring-boot-starter-json\2.0.4.RELEASE\spring-boot-starter-json-2.0.4.RELEASE.jar;D:\dev\maven-repository\com\fasterxml\jackson\core\jackson-databind\2.9.6\jackson-databind-2.9.6.jar;D:\dev\maven-repository\com\fasterxml\jackson\core\jackson-core\2.9.6\jackson-core-2.9.6.jar;D:\dev\maven-repository\com\fasterxml\jackson\datatype\jackson-datatype-jdk8\2.9.6\jackson-datatype-jdk8-2.9.6.jar;D:\dev\maven-repository\com\fasterxml\jackson\datatype\jackson-datatype-jsr310\2.9.6\jackson-datatype-jsr310-2.9.6.jar;D:\dev\maven-repository\com\fasterxml\jackson\module\jackson-module-parameter-names\2.9.6\jackson-module-parameter-names-2.9.6.jar;D:\dev\maven-repository\org\springframework\boot\spring-boot-starter-tomcat\2.0.4.RELEASE\spring-boot-starter-tomcat-2.0.4.RELEASE.jar;D:\dev\maven-repository\org\apache\tomcat\embed\tomcat-embed-core\8.5.32\tomcat-embed-core-8.5.32.jar;D:\dev\maven-repository\org\apache\tomcat\embed\tomcat-embed-el\8.5.32\tomcat-embed-el-8.5.32.jar;D:\dev\maven-repository\org\apache\tomcat\embed\tomcat-embed-websocket\8.5.32\tomcat-embed-websocket-8.5.32.jar;D:\dev\maven-repository\org\hibernate\validator\hibernate-validator\6.0.11.Final\hibernate-validator-6.0.11.Final.jar;D:\dev\maven-repository\javax\validation\validation-api\2.0.1.Final\validation-api-2.0.1.Final.jar;D:\dev\maven-repository\org\jboss\logging\jboss-logging\3.3.2.Final\jboss-logging-3.3.2.Final.jar;D:\dev\maven-repository\org\springframework\spring-web\5.0.8.RELEASE\spring-web-5.0.8.RELEASE.jar;D:\dev\maven-repository\org\springframework\spring-beans\5.0.8.RELEASE\spring-beans-5.0.8.RELEASE.jar;D:\dev\maven-repository\org\springframework\spring-webmvc\5.0.8.RELEASE\spring-webmvc-5.0.8.RELEASE.jar;D:\dev\maven-repository\org\springframework\spring-aop\5.0.8.RELEASE\spring-aop-5.0.8.RELEASE.jar;D:\dev\maven-repository\org\springframework\spring-context\5.0.8.RELEASE\spring-context-5.0.8.RELEASE.jar;D:\dev\maven-repository\org\springframework\spring-expression\5.0.8.RELEASE\spring-expression-5.0.8.RELEASE.jar;D:\dev\maven-repository\org\springframework\boot\spring-boot-starter-test\2.0.4.RELEASE\spring-boot-starter-test-2.0.4.RELEASE.jar;D:\dev\maven-repository\org\springframework\boot\spring-boot-test\2.0.4.RELEASE\spring-boot-test-2.0.4.RELEASE.jar;D:\dev\maven-repository\org\springframework\boot\spring-boot-test-autoconfigure\2.0.4.RELEASE\spring-boot-test-autoconfigure-2.0.4.RELEASE.jar;D:\dev\maven-repository\com\jayway\jsonpath\json-path\2.4.0\json-path-2.4.0.jar;D:\dev\maven-repository\net\minidev\json-smart\2.3\json-smart-2.3.jar;D:\dev\maven-repository\net\minidev\accessors-smart\1.2\accessors-smart-1.2.jar;D:\dev\maven-repository\org\ow2\asm\asm\5.0.4\asm-5.0.4.jar;D:\dev\maven-repository\junit\junit\4.12\junit-4.12.jar;D:\dev\maven-repository\org\assertj\assertj-core\3.9.1\assertj-core-3.9.1.jar;D:\dev\maven-repository\org\mockito\mockito-core\2.15.0\mockito-core-2.15.0.jar;D:\dev\maven-repository\net\bytebuddy\byte-buddy\1.7.11\byte-buddy-1.7.11.jar;D:\dev\maven-repository\net\bytebuddy\byte-buddy-agent\1.7.11\byte-buddy-agent-1.7.11.jar;D:\dev\maven-repository\org\objenesis\objenesis\2.6\objenesis-2.6.jar;D:\dev\maven-repository\org\hamcrest\hamcrest-core\1.3\hamcrest-core-1.3.jar;D:\dev\maven-repository\org\hamcrest\hamcrest-library\1.3\hamcrest-library-1.3.jar;D:\dev\maven-repository\org\skyscreamer\jsonassert\1.5.0\jsonassert-1.5.0.jar;D:\dev\maven-repository\com\vaadin\external\google\android-json\0.0.20131108.vaadin1\android-json-0.0.20131108.vaadin1.jar;D:\dev\maven-repository\org\springframework\spring-core\5.0.8.RELEASE\spring-core-5.0.8.RELEASE.jar;D:\dev\maven-repository\org\springframework\spring-jcl\5.0.8.RELEASE\spring-jcl-5.0.8.RELEASE.jar;D:\dev\maven-repository\org\springframework\spring-test\5.0.8.RELEASE\spring-test-5.0.8.RELEASE.jar;D:\dev\maven-repository\org\xmlunit\xmlunit-core\2.5.1\xmlunit-core-2.5.1.jar;D:\dev\maven-repository\org\springframework\boot\spring-boot-devtools\2.0.4.RELEASE\spring-boot-devtools-2.0.4.RELEASE.jar;D:\dev\maven-repository\org\springframework\boot\spring-boot\2.0.4.RELEASE\spring-boot-2.0.4.RELEASE.jar;D:\dev\maven-repository\org\springframework\boot\spring-boot-autoconfigure\2.0.4.RELEASE\spring-boot-autoconfigure-2.0.4.RELEASE.jar;D:\dev\maven-repository\javax\activation\activation\1.1\activation-1.1.jar;D:\dev\maven-repository\javax\mail\mail\1.4.7\mail-1.4.7.jar;D:\dev\maven-repository\io\springfox\springfox-swagger2\2.6.0\springfox-swagger2-2.6.0.jar;D:\dev\maven-repository\io\swagger\swagger-annotations\1.5.10\swagger-annotations-1.5.10.jar;D:\dev\maven-repository\io\swagger\swagger-models\1.5.10\swagger-models-1.5.10.jar;D:\dev\maven-repository\com\fasterxml\jackson\core\jackson-annotations\2.9.0\jackson-annotations-2.9.0.jar;D:\dev\maven-repository\io\springfox\springfox-spi\2.6.0\springfox-spi-2.6.0.jar;D:\dev\maven-repository\io\springfox\springfox-core\2.6.0\springfox-core-2.6.0.jar;D:\dev\maven-repository\io\springfox\springfox-schema\2.6.0\springfox-schema-2.6.0.jar;D:\dev\maven-repository\io\springfox\springfox-swagger-common\2.6.0\springfox-swagger-common-2.6.0.jar;D:\dev\maven-repository\io\springfox\springfox-spring-web\2.6.0\springfox-spring-web-2.6.0.jar;D:\dev\maven-repository\com\google\guava\guava\18.0\guava-18.0.jar;D:\dev\maven-repository\com\fasterxml\classmate\1.3.4\classmate-1.3.4.jar;D:\dev\maven-repository\org\slf4j\slf4j-api\1.7.25\slf4j-api-1.7.25.jar;D:\dev\maven-repository\org\springframework\plugin\spring-plugin-core\1.2.0.RELEASE\spring-plugin-core-1.2.0.RELEASE.jar;D:\dev\maven-repository\org\springframework\plugin\spring-plugin-metadata\1.2.0.RELEASE\spring-plugin-metadata-1.2.0.RELEASE.jar;D:\dev\maven-repository\org\mapstruct\mapstruct\1.0.0.Final\mapstruct-1.0.0.Final.jar;D:\dev\maven-repository\io\springfox\springfox-swagger-ui\2.6.0\springfox-swagger-ui-2.6.0.jar;, java.specification.name=Java Platform API Specification, java.class.version=52.0, sun.management.compiler=HotSpot Client Compiler, maven.repo.local=D:\dev\maven-repository, os.version=10.0, user.home=C:\Users\lenovo, user.timezone=Asia/Shanghai, java.awt.printerjob=sun.awt.windows.WPrinterJob, file.encoding=GBK, java.specification.version=1.8, java.class.path=D:\idea_ws\practise\jenkins-demo\target\test-classes;D:\idea_ws\practise\jenkins-demo\target\classes;D:\dev\maven-repository\org\springframework\boot\spring-boot-starter-web\2.0.4.RELEASE\spring-boot-starter-web-2.0.4.RELEASE.jar;D:\dev\maven-repository\org\springframework\boot\spring-boot-starter\2.0.4.RELEASE\spring-boot-starter-2.0.4.RELEASE.jar;D:\dev\maven-repository\org\springframework\boot\spring-boot-starter-logging\2.0.4.RELEASE\spring-boot-starter-logging-2.0.4.RELEASE.jar;D:\dev\maven-repository\ch\qos\logback\logback-classic\1.2.3\logback-classic-1.2.3.jar;D:\dev\maven-repository\ch\qos\logback\logback-core\1.2.3\logback-core-1.2.3.jar;D:\dev\maven-repository\org\apache\logging\log4j\log4j-to-slf4j\2.10.0\log4j-to-slf4j-2.10.0.jar;D:\dev\maven-repository\org\apache\logging\log4j\log4j-api\2.10.0\log4j-api-2.10.0.jar;D:\dev\maven-repository\org\slf4j\jul-to-slf4j\1.7.25\jul-to-slf4j-1.7.25.jar;D:\dev\maven-repository\javax\annotation\javax.annotation-api\1.3.2\javax.annotation-api-1.3.2.jar;D:\dev\maven-repository\org\yaml\snakeyaml\1.19\snakeyaml-1.19.jar;D:\dev\maven-repository\org\springframework\boot\spring-boot-starter-json\2.0.4.RELEASE\spring-boot-starter-json-2.0.4.RELEASE.jar;D:\dev\maven-repository\com\fasterxml\jackson\core\jackson-databind\2.9.6\jackson-databind-2.9.6.jar;D:\dev\maven-repository\com\fasterxml\jackson\core\jackson-core\2.9.6\jackson-core-2.9.6.jar;D:\dev\maven-repository\com\fasterxml\jackson\datatype\jackson-datatype-jdk8\2.9.6\jackson-datatype-jdk8-2.9.6.jar;D:\dev\maven-repository\com\fasterxml\jackson\datatype\jackson-datatype-jsr310\2.9.6\jackson-datatype-jsr310-2.9.6.jar;D:\dev\maven-repository\com\fasterxml\jackson\module\jackson-module-parameter-names\2.9.6\jackson-module-parameter-names-2.9.6.jar;D:\dev\maven-repository\org\springframework\boot\spring-boot-starter-tomcat\2.0.4.RELEASE\spring-boot-starter-tomcat-2.0.4.RELEASE.jar;D:\dev\maven-repository\org\apache\tomcat\embed\tomcat-embed-core\8.5.32\tomcat-embed-core-8.5.32.jar;D:\dev\maven-repository\org\apache\tomcat\embed\tomcat-embed-el\8.5.32\tomcat-embed-el-8.5.32.jar;D:\dev\maven-repository\org\apache\tomcat\embed\tomcat-embed-websocket\8.5.32\tomcat-embed-websocket-8.5.32.jar;D:\dev\maven-repository\org\hibernate\validator\hibernate-validator\6.0.11.Final\hibernate-validator-6.0.11.Final.jar;D:\dev\maven-repository\javax\validation\validation-api\2.0.1.Final\validation-api-2.0.1.Final.jar;D:\dev\maven-repository\org\jboss\logging\jboss-logging\3.3.2.Final\jboss-logging-3.3.2.Final.jar;D:\dev\maven-repository\org\springframework\spring-web\5.0.8.RELEASE\spring-web-5.0.8.RELEASE.jar;D:\dev\maven-repository\org\springframework\spring-beans\5.0.8.RELEASE\spring-beans-5.0.8.RELEASE.jar;D:\dev\maven-repository\org\springframework\spring-webmvc\5.0.8.RELEASE\spring-webmvc-5.0.8.RELEASE.jar;D:\dev\maven-repository\org\springframework\spring-aop\5.0.8.RELEASE\spring-aop-5.0.8.RELEASE.jar;D:\dev\maven-repository\org\springframework\spring-context\5.0.8.RELEASE\spring-context-5.0.8.RELEASE.jar;D:\dev\maven-repository\org\springframework\spring-expression\5.0.8.RELEASE\spring-expression-5.0.8.RELEASE.jar;D:\dev\maven-repository\org\springframework\boot\spring-boot-starter-test\2.0.4.RELEASE\spring-boot-starter-test-2.0.4.RELEASE.jar;D:\dev\maven-repository\org\springframework\boot\spring-boot-test\2.0.4.RELEASE\spring-boot-test-2.0.4.RELEASE.jar;D:\dev\maven-repository\org\springframework\boot\spring-boot-test-autoconfigure\2.0.4.RELEASE\spring-boot-test-autoconfigure-2.0.4.RELEASE.jar;D:\dev\maven-repository\com\jayway\jsonpath\json-path\2.4.0\json-path-2.4.0.jar;D:\dev\maven-repository\net\minidev\json-smart\2.3\json-smart-2.3.jar;D:\dev\maven-repository\net\minidev\accessors-smart\1.2\accessors-smart-1.2.jar;D:\dev\maven-repository\org\ow2\asm\asm\5.0.4\asm-5.0.4.jar;D:\dev\maven-repository\junit\junit\4.12\junit-4.12.jar;D:\dev\maven-repository\org\assertj\assertj-core\3.9.1\assertj-core-3.9.1.jar;D:\dev\maven-repository\org\mockito\mockito-core\2.15.0\mockito-core-2.15.0.jar;D:\dev\maven-repository\net\bytebuddy\byte-buddy\1.7.11\byte-buddy-1.7.11.jar;D:\dev\maven-repository\net\bytebuddy\byte-buddy-agent\1.7.11\byte-buddy-agent-1.7.11.jar;D:\dev\maven-repository\org\objenesis\objenesis\2.6\objenesis-2.6.jar;D:\dev\maven-repository\org\hamcrest\hamcrest-core\1.3\hamcrest-core-1.3.jar;D:\dev\maven-repository\org\hamcrest\hamcrest-library\1.3\hamcrest-library-1.3.jar;D:\dev\maven-repository\org\skyscreamer\jsonassert\1.5.0\jsonassert-1.5.0.jar;D:\dev\maven-repository\com\vaadin\external\google\android-json\0.0.20131108.vaadin1\android-json-0.0.20131108.vaadin1.jar;D:\dev\maven-repository\org\springframework\spring-core\5.0.8.RELEASE\spring-core-5.0.8.RELEASE.jar;D:\dev\maven-repository\org\springframework\spring-jcl\5.0.8.RELEASE\spring-jcl-5.0.8.RELEASE.jar;D:\dev\maven-repository\org\springframework\spring-test\5.0.8.RELEASE\spring-test-5.0.8.RELEASE.jar;D:\dev\maven-repository\org\xmlunit\xmlunit-core\2.5.1\xmlunit-core-2.5.1.jar;D:\dev\maven-repository\org\springframework\boot\spring-boot-devtools\2.0.4.RELEASE\spring-boot-devtools-2.0.4.RELEASE.jar;D:\dev\maven-repository\org\springframework\boot\spring-boot\2.0.4.RELEASE\spring-boot-2.0.4.RELEASE.jar;D:\dev\maven-repository\org\springframework\boot\spring-boot-autoconfigure\2.0.4.RELEASE\spring-boot-autoconfigure-2.0.4.RELEASE.jar;D:\dev\maven-repository\javax\activation\activation\1.1\activation-1.1.jar;D:\dev\maven-repository\javax\mail\mail\1.4.7\mail-1.4.7.jar;D:\dev\maven-repository\io\springfox\springfox-swagger2\2.6.0\springfox-swagger2-2.6.0.jar;D:\dev\maven-repository\io\swagger\swagger-annotations\1.5.10\swagger-annotations-1.5.10.jar;D:\dev\maven-repository\io\swagger\swagger-models\1.5.10\swagger-models-1.5.10.jar;D:\dev\maven-repository\com\fasterxml\jackson\core\jackson-annotations\2.9.0\jackson-annotations-2.9.0.jar;D:\dev\maven-repository\io\springfox\springfox-spi\2.6.0\springfox-spi-2.6.0.jar;D:\dev\maven-repository\io\springfox\springfox-core\2.6.0\springfox-core-2.6.0.jar;D:\dev\maven-repository\io\springfox\springfox-schema\2.6.0\springfox-schema-2.6.0.jar;D:\dev\maven-repository\io\springfox\springfox-swagger-common\2.6.0\springfox-swagger-common-2.6.0.jar;D:\dev\maven-repository\io\springfox\springfox-spring-web\2.6.0\springfox-spring-web-2.6.0.jar;D:\dev\maven-repository\com\google\guava\guava\18.0\guava-18.0.jar;D:\dev\maven-repository\com\fasterxml\classmate\1.3.4\classmate-1.3.4.jar;D:\dev\maven-repository\org\slf4j\slf4j-api\1.7.25\slf4j-api-1.7.25.jar;D:\dev\maven-repository\org\springframework\plugin\spring-plugin-core\1.2.0.RELEASE\spring-plugin-core-1.2.0.RELEASE.jar;D:\dev\maven-repository\org\springframework\plugin\spring-plugin-metadata\1.2.0.RELEASE\spring-plugin-metadata-1.2.0.RELEASE.jar;D:\dev\maven-repository\org\mapstruct\mapstruct\1.0.0.Final\mapstruct-1.0.0.Final.jar;D:\dev\maven-repository\io\springfox\springfox-swagger-ui\2.6.0\springfox-swagger-ui-2.6.0.jar;, user.name=lenovo, java.vm.specification.version=1.8, sun.java.command=C:\Users\lenovo\AppData\Local\Temp\surefire3909146525006875376\surefirebooter8914724518686073707.jar C:\Users\lenovo\AppData\Local\Temp\surefire3909146525006875376 2019-08-20T10-40-40_113-jvmRun1 surefire6719209278775531317tmp surefire_08462129340029503665tmp, java.home=C:\Program Files (x86)\Java\jdk1.8.0_202\jre, sun.arch.data.model=32, user.language=zh, java.specification.vendor=Oracle Corporation, idea.version2019.1.3=true, awt.toolkit=sun.awt.windows.WToolkit, java.vm.info=mixed mode, java.version=1.8.0_202, java.ext.dirs=C:\Program Files (x86)\Java\jdk1.8.0_202\jre\lib\ext;C:\Windows\Sun\Java\lib\ext, sun.boot.class.path=C:\Program Files (x86)\Java\jdk1.8.0_202\jre\lib\resources.jar;C:\Program Files (x86)\Java\jdk1.8.0_202\jre\lib\rt.jar;C:\Program Files (x86)\Java\jdk1.8.0_202\jre\lib\sunrsasign.jar;C:\Program Files (x86)\Java\jdk1.8.0_202\jre\lib\jsse.jar;C:\Program Files (x86)\Java\jdk1.8.0_202\jre\lib\jce.jar;C:\Program Files (x86)\Java\jdk1.8.0_202\jre\lib\charsets.jar;C:\Program Files (x86)\Java\jdk1.8.0_202\jre\lib\jfr.jar;C:\Program Files (x86)\Java\jdk1.8.0_202\jre\classes, java.vendor=Oracle Corporation, localRepository=D:\dev\maven-repository, file.separator=\, java.vendor.url.bug=http://bugreport.sun.com/bugreport/, sun.io.unicode.encoding=UnicodeLittle, sun.cpu.endian=little, sun.desktop=windows, sun.cpu.isalist=pentium_pro+mmx pentium_pro pentium+mmx pentium i486 i386 i86}}, SystemEnvironmentPropertySource@30046345 {name='systemEnvironment', properties={PATH=C:\Program Files (x86)\Common Files\Oracle\Java\javapath;C:\Program Files (x86)\NetSarang\Xshell 6\;C:\Program Files (x86)\NetSarang\Xftp 6\;C:\Windows\system32;C:\Windows;C:\Windows\System32\Wbem;C:\Windows\System32\WindowsPowerShell\v1.0\;C:\Windows\System32\OpenSSH\;C:\Program Files (x86)\Java\jdk1.8.0_202\bin\;C:\Program Files (x86)\Java\jdk1.8.0_202\jre\bin\;d:\Program Files\Git\cmd;D:\dev\maven\apache-maven-3.6.1\bin\;C:\Users\lenovo\AppData\Local\Microsoft\WindowsApps;c:\program files\esafenet\cobra docguard client;C:\Users\lenovo\AppData\Local\GitHubDesktop\bin, USERDOMAIN_ROAMINGPROFILE=DESKTOP-OBHO9O4, LOCALAPPDATA=C:\Users\lenovo\AppData\Local, PROCESSOR_LEVEL=6, SYSTEMDRIVE=C:, COMMONPROGRAMFILES(X86)=C:\Program Files (x86)\Common Files, USERDOMAIN=DESKTOP-OBHO9O4, LOGONSERVER=\\DESKTOP-OBHO9O4, JAVA_HOME=C:\Program Files (x86)\Java\jdk1.8.0_202, PROMPT=$P$G, SESSIONNAME=Console, ALLUSERSPROFILE=C:\ProgramData, PROGRAMFILES(X86)=C:\Program Files (x86), PROCESSOR_ARCHITECTURE=x86, DRIVERDATA=C:\Windows\System32\Drivers\DriverData, MAVEN_HOME=D:\dev\maven\apache-maven-3.6.1, PROGRAMFILES=C:\Program Files (x86), APPDATA=C:\Users\lenovo\AppData\Roaming, PSMODULEPATH=C:\Program Files\WindowsPowerShell\Modules;C:\Windows\system32\WindowsPowerShell\v1.0\Modules, PROGRAMW6432=C:\Program Files, PROGRAMDATA=C:\ProgramData, SYSTEMROOT=C:\Windows, USERNAME=lenovo, ONEDRIVE=C:\Users\lenovo\OneDrive, PATHEXT=.COM;.EXE;.BAT;.CMD;.VBS;.VBE;.JS;.JSE;.WSF;.WSH;.MSC, OS=Windows_NT, PROCESSOR_ARCHITEW6432=AMD64, COMMONPROGRAMW6432=C:\Program Files\Common Files, COMPUTERNAME=DESKTOP-OBHO9O4, COMMONPROGRAMFILES=C:\Program Files (x86)\Common Files, COMSPEC=C:\Windows\system32\cmd.exe, PROCESSOR_REVISION=3c03, CLASSPATH= .;C:\Program Files (x86)\Java\jdk1.8.0_202\lib;C:\Program Files (x86)\Java\jdk1.8.0_202\lib\tools.jar, WINDIR=C:\Windows, =D:=D:\idea_ws\practise\jenkins-demo, HOMEPATH=\Users\lenovo, TEMP=C:\Users\lenovo\AppData\Local\Temp, HOMEDRIVE=C:, PROCESSOR_IDENTIFIER=Intel64 Family 6 Model 60 Stepping 3, GenuineIntel, USERPROFILE=C:\Users\lenovo, TMP=C:\Users\lenovo\AppData\Local\Temp, PUBLIC=C:\Users\Public, NUMBER_OF_PROCESSORS=8, =::=::\}}]
10:40:41.563 [main] DEBUG org.springframework.test.context.support.TestPropertySourceUtils - Adding inlined properties to environment: {spring.jmx.enabled=false, org.springframework.boot.test.context.SpringBootTestContextBootstrapper=true, server.port=-1}
10:40:41.563 [main] DEBUG org.springframework.core.env.StandardEnvironment - Adding PropertySource 'Inlined Test Properties' with highest search precedence

  .   ____          _            __ _ _
 /\\ / ___'_ __ _ _(_)_ __  __ _ \ \ \ \
( ( )\___ | '_ | '_| | '_ \/ _` | \ \ \ \
 \\/  ___)| |_)| | | | | || (_| |  ) ) ) )
  '  |____| .__|_| |_|_| |_\__, | / / / /
 =========|_|==============|___/=/_/_/_/
 :: Spring Boot ::        (v2.0.4.RELEASE)

2019-08-20 10:40:41.928  INFO 20112 --- [           main] com.wxg.demo.web.JenkinsControllerTest   : Starting JenkinsControllerTest on DESKTOP-OBHO9O4 with PID 20112 (started by lenovo in D:\idea_ws\practise\jenkins-demo)
2019-08-20 10:40:41.930  INFO 20112 --- [           main] com.wxg.demo.web.JenkinsControllerTest   : No active profile set, falling back to default profiles: default
2019-08-20 10:40:41.982  INFO 20112 --- [           main] o.s.w.c.s.GenericWebApplicationContext   : Refreshing org.springframework.web.context.support.GenericWebApplicationContext@19f158f: startup date [Tue Aug 20 10:40:41 CST 2019]; root of context hierarchy
2019-08-20 10:40:43.389  INFO 20112 --- [           main] s.w.s.m.m.a.RequestMappingHandlerMapping : Mapped "{[/jenkins/test1]}" onto public java.lang.String com.wxg.demo.web.JenkinsController.test()
2019-08-20 10:40:43.390  INFO 20112 --- [           main] s.w.s.m.m.a.RequestMappingHandlerMapping : Mapped "{[/v2/api-docs],methods=[GET],produces=[application/json || application/hal+json]}" onto public org.springframework.http.ResponseEntity<springfox.documentation.spring.web.json.Json> springfox.documentation.swagger2.web.Swagger2Controller.getDocumentation(java.lang.String,javax.servlet.http.HttpServletRequest)
2019-08-20 10:40:43.392  INFO 20112 --- [           main] s.w.s.m.m.a.RequestMappingHandlerMapping : Mapped "{[/swagger-resources/configuration/security]}" onto org.springframework.http.ResponseEntity<springfox.documentation.swagger.web.SecurityConfiguration> springfox.documentation.swagger.web.ApiResourceController.securityConfiguration()
2019-08-20 10:40:43.393  INFO 20112 --- [           main] s.w.s.m.m.a.RequestMappingHandlerMapping : Mapped "{[/swagger-resources]}" onto org.springframework.http.ResponseEntity<java.util.List<springfox.documentation.swagger.web.SwaggerResource>> springfox.documentation.swagger.web.ApiResourceController.swaggerResources()
2019-08-20 10:40:43.393  INFO 20112 --- [           main] s.w.s.m.m.a.RequestMappingHandlerMapping : Mapped "{[/swagger-resources/configuration/ui]}" onto org.springframework.http.ResponseEntity<springfox.documentation.swagger.web.UiConfiguration> springfox.documentation.swagger.web.ApiResourceController.uiConfiguration()
2019-08-20 10:40:43.398  INFO 20112 --- [           main] s.w.s.m.m.a.RequestMappingHandlerMapping : Mapped "{[/error]}" onto public org.springframework.http.ResponseEntity<java.util.Map<java.lang.String, java.lang.Object>> org.springframework.boot.autoconfigure.web.servlet.error.BasicErrorController.error(javax.servlet.http.HttpServletRequest)
2019-08-20 10:40:43.398  INFO 20112 --- [           main] s.w.s.m.m.a.RequestMappingHandlerMapping : Mapped "{[/error],produces=[text/html]}" onto public org.springframework.web.servlet.ModelAndView org.springframework.boot.autoconfigure.web.servlet.error.BasicErrorController.errorHtml(javax.servlet.http.HttpServletRequest,javax.servlet.http.HttpServletResponse)
2019-08-20 10:40:43.766  INFO 20112 --- [           main] o.s.w.s.handler.SimpleUrlHandlerMapping  : Mapped URL path [/**/favicon.ico] onto handler of type [class org.springframework.web.servlet.resource.ResourceHttpRequestHandler]
2019-08-20 10:40:43.905  INFO 20112 --- [           main] s.w.s.m.m.a.RequestMappingHandlerAdapter : Looking for @ControllerAdvice: org.springframework.web.context.support.GenericWebApplicationContext@19f158f: startup date [Tue Aug 20 10:40:41 CST 2019]; root of context hierarchy
2019-08-20 10:40:43.958  INFO 20112 --- [           main] o.s.w.s.handler.SimpleUrlHandlerMapping  : Mapped URL path [/webjars/**] onto handler of type [class org.springframework.web.servlet.resource.ResourceHttpRequestHandler]
2019-08-20 10:40:43.958  INFO 20112 --- [           main] o.s.w.s.handler.SimpleUrlHandlerMapping  : Mapped URL path [/**] onto handler of type [class org.springframework.web.servlet.resource.ResourceHttpRequestHandler]
2019-08-20 10:40:44.346  INFO 20112 --- [           main] o.s.c.support.DefaultLifecycleProcessor  : Starting beans in phase 2147483647
2019-08-20 10:40:44.346  INFO 20112 --- [           main] d.s.w.p.DocumentationPluginsBootstrapper : Context refreshed
2019-08-20 10:40:44.378  INFO 20112 --- [           main] d.s.w.p.DocumentationPluginsBootstrapper : Found 1 custom documentation plugin(s)
2019-08-20 10:40:44.389  INFO 20112 --- [           main] s.d.s.w.s.ApiListingReferenceScanner     : Scanning for api listing references
2019-08-20 10:40:44.412  INFO 20112 --- [           main] com.wxg.demo.web.JenkinsControllerTest   : Started JenkinsControllerTest in 2.838 seconds (JVM running for 3.756)
]]></system-out>
  </testcase>
  <testcase name="test2" classname="com.wxg.demo.web.JenkinsControllerTest" time="0.002"/>
  <testcase name="test3" classname="com.wxg.demo.web.JenkinsControllerTest" time="0.002">
    <error message="list is empty" type="java.lang.IllegalArgumentException">java.lang.IllegalArgumentException: list is empty
	at com.wxg.demo.web.JenkinsControllerTest.test3(JenkinsControllerTest.java:31)
</error>
    <system-out><![CDATA[aa
]]></system-out>
  </testcase>
</testsuite>